21:17:40.399 [main] INFO  - ___________________ Test starting__________________________
21:17:40.407 [main] INFO  - ___________________ Before Hook__________________________
21:17:44.924 [main] INFO  - -------------------verifying the page title--------------------
21:17:44.999 [main] INFO  - -------------------Enter username--------------------
21:17:45.133 [main] INFO  - Able to find the visibility of elemnt
21:17:48.541 [main] INFO  - -------------------Enter passcode--------------------
21:17:48.570 [main] INFO  - Able to find the visibility of elemnt
21:17:51.742 [main] INFO  - -------------------click login--------------------
21:17:56.105 [main] INFO  - -------------------verifying the page title--------------------
21:17:56.116 [main] INFO  - -------------------user clicks on menu--------------------
21:17:56.150 [main] INFO  - Able to find the presence of elemnt
21:17:57.294 [main] INFO  - -------------------user click on page--------------------
21:17:57.347 [main] INFO  - Able to find the presence of elemnt
21:17:59.313 [main] INFO  - -------------------verifying the page title--------------------
21:17:59.323 [main] INFO  - -------------------insert email------------------
21:18:01.597 [main] INFO  - -------------------search button clicked------------------
21:18:03.683 [main] INFO  - -------------------Verify email------------------
21:36:33.322 [main] INFO  - ___________________ Test starting__________________________
21:36:33.329 [main] INFO  - ___________________ Before Hook__________________________
21:55:30.194 [main] INFO  - ___________________ Test starting__________________________
21:55:30.199 [main] INFO  - ___________________ Before Hook__________________________
21:55:33.187 [main] INFO  - -----------------------------------test completed----------------------------------------------
21:55:33.243 [main] INFO  - ___________________ Test starting__________________________
21:55:33.244 [main] INFO  - ___________________ Before Hook__________________________
21:55:34.665 [main] INFO  - -----------------------------------test completed----------------------------------------------
21:55:34.675 [main] INFO  - ___________________ Test starting__________________________
21:55:34.676 [main] INFO  - ___________________ Before Hook__________________________
21:55:34.715 [main] INFO  - -----------------------------------test completed----------------------------------------------
21:57:24.516 [main] INFO  - ___________________ Test starting__________________________
21:57:24.522 [main] INFO  - ___________________ Before Hook__________________________
21:57:28.341 [main] INFO  - -----------------------------------test completed----------------------------------------------
21:57:28.359 [main] INFO  - ___________________ Test starting__________________________
21:57:28.360 [main] INFO  - ___________________ Before Hook__________________________
21:57:29.971 [main] INFO  - -----------------------------------test completed----------------------------------------------
21:57:29.996 [main] INFO  - ___________________ Test starting__________________________
21:57:29.997 [main] INFO  - ___________________ Before Hook__________________________
21:57:35.399 [main] INFO  - -----------------------------------test completed----------------------------------------------
22:12:06.668 [main] INFO  - ___________________ Test starting__________________________
22:12:06.675 [main] INFO  - ___________________ Before Hook__________________________
22:12:12.642 [main] INFO  - -----------------------------------test completed----------------------------------------------
22:12:12.672 [main] INFO  - ___________________ Test starting__________________________
22:12:12.673 [main] INFO  - ___________________ Before Hook__________________________
22:12:14.135 [main] INFO  - -----------------------------------test completed----------------------------------------------
22:12:14.188 [main] INFO  - ___________________ Test starting__________________________
22:12:14.188 [main] INFO  - ___________________ Before Hook__________________________
22:12:17.761 [main] INFO  - -----------------------------------test completed----------------------------------------------
22:12:17.779 [main] INFO  - ___________________ Test starting__________________________
22:12:17.780 [main] INFO  - ___________________ Before Hook__________________________
22:12:20.946 [main] INFO  - -------------------verifying the page title--------------------
22:12:21.043 [main] INFO  - -------------------Enter username--------------------
22:12:21.241 [main] INFO  - Able to find the visibility of elemnt
22:12:24.649 [main] INFO  - -------------------Enter passcode--------------------
22:12:24.718 [main] INFO  - Able to find the visibility of elemnt
22:12:27.986 [main] INFO  - -------------------click login--------------------
22:12:32.395 [main] INFO  - -------------------verifying the page title--------------------
22:12:32.439 [main] INFO  - -------------------user clicks on menu--------------------
22:12:32.481 [main] INFO  - Able to find the presence of elemnt
22:12:33.664 [main] INFO  - -------------------user click on page--------------------
22:12:33.689 [main] INFO  - Able to find the presence of elemnt
22:12:35.530 [main] INFO  - -------------------verifying the page title--------------------
22:12:35.548 [main] INFO  - -------------------insert email------------------
22:12:37.834 [main] INFO  - -------------------search button clicked------------------
22:12:39.930 [main] INFO  - -------------------Verify email------------------
22:12:40.041 [main] INFO  - -----------------------------------test completed----------------------------------------------
22:15:58.008 [main] INFO  - ___________________ Test starting__________________________
22:15:58.017 [main] INFO  - ___________________ Before Hook__________________________
22:16:02.945 [main] INFO  - -----------------------------------test completed----------------------------------------------
22:16:02.982 [main] INFO  - ___________________ Test starting__________________________
22:16:02.982 [main] INFO  - ___________________ Before Hook__________________________
22:16:04.999 [main] INFO  - -----------------------------------test completed----------------------------------------------
22:16:05.019 [main] INFO  - ___________________ Test starting__________________________
22:16:05.021 [main] INFO  - ___________________ Before Hook__________________________
22:16:08.555 [main] INFO  - -----------------------------------test completed----------------------------------------------
22:17:04.993 [main] INFO  - ___________________ Test starting__________________________
22:17:05.004 [main] INFO  - ___________________ Before Hook__________________________
22:17:09.014 [main] INFO  - -----------------------------------test completed----------------------------------------------
22:18:45.608 [main] INFO  - ___________________ Test starting__________________________
22:18:45.616 [main] INFO  - ___________________ Before Hook__________________________
22:18:49.556 [main] INFO  - -----------------------------------test completed----------------------------------------------
22:18:49.581 [main] INFO  - ___________________ Test starting__________________________
22:18:49.581 [main] INFO  - ___________________ Before Hook__________________________
22:18:51.239 [main] INFO  - -----------------------------------test completed----------------------------------------------
22:18:51.277 [main] INFO  - ___________________ Test starting__________________________
22:18:51.278 [main] INFO  - ___________________ Before Hook__________________________
22:18:54.681 [main] INFO  - -----------------------------------test completed----------------------------------------------
22:24:11.464 [main] INFO  - **************************  Configuring extent Report ************************
22:24:12.335 [main] INFO  - ___________________ Test starting__________________________
22:24:12.337 [main] INFO  - ___________________ Before Hook__________________________
22:24:16.356 [main] INFO  - -----------------------------------test completed----------------------------------------------
22:24:16.458 [main] INFO  - **************************  Finishing Report ************************
22:25:05.204 [main] INFO  - **************************  Configuring extent Report ************************
22:25:06.087 [main] INFO  - ___________________ Test starting__________________________
22:25:06.095 [main] INFO  - ___________________ Before Hook__________________________
22:25:09.851 [main] INFO  - -----------------------------------test completed----------------------------------------------
22:25:09.962 [main] INFO  - **************************  Finishing Report ************************
22:25:45.887 [main] INFO  - **************************  Configuring extent Report ************************
22:25:46.809 [main] INFO  - ___________________ Test starting__________________________
22:25:46.812 [main] INFO  - ___________________ Before Hook__________________________
22:25:50.892 [main] INFO  - -----------------------------------test completed----------------------------------------------
22:25:51.021 [main] INFO  - **************************  Finishing Report ************************
22:27:00.426 [main] INFO  - **************************  Configuring extent Report ************************
22:27:01.855 [main] INFO  - ___________________ Test starting__________________________
22:27:01.860 [main] INFO  - ___________________ Before Hook__________________________
22:27:06.750 [main] INFO  - -----------------------------------test completed----------------------------------------------
22:27:06.888 [main] INFO  - **************************  Finishing Report ************************
06:38:51.730 [main] INFO  - **************************  Configuring extent Report ************************
06:38:52.366 [main] INFO  - ___________________ Test starting__________________________
06:38:52.369 [main] INFO  - ___________________ Before Hook__________________________
06:38:56.388 [main] INFO  - -----------------------------------test completed----------------------------------------------
06:38:56.456 [main] INFO  - **************************  Finishing Report ************************
06:39:46.776 [main] INFO  - **************************  Configuring extent Report ************************
06:39:47.332 [main] INFO  - ___________________ Test starting__________________________
06:39:47.336 [main] INFO  - ___________________ Before Hook__________________________
06:39:49.913 [main] INFO  - -----------------------------------test completed----------------------------------------------
06:39:49.977 [main] INFO  - **************************  Finishing Report ************************
07:19:47.288 [main] INFO  - ___________________ Test starting__________________________
07:19:47.299 [main] INFO  - ___________________ Before Hook__________________________
07:19:50.816 [main] INFO  - -----------------------------------test completed----------------------------------------------
07:21:04.732 [main] INFO  - ___________________ Test starting__________________________
07:21:04.741 [main] INFO  - ___________________ Before Hook__________________________
07:21:07.807 [main] INFO  - -------------------verifying the page title--------------------
07:21:07.881 [main] INFO  - -------------------Enter username--------------------
07:21:07.943 [main] INFO  - Able to find the visibility of elemnt
07:21:11.255 [main] INFO  - -------------------Enter passcode--------------------
07:21:11.333 [main] INFO  - Able to find the visibility of elemnt
07:21:14.627 [main] INFO  - -------------------click login--------------------
07:21:18.701 [main] INFO  - -------------------verifying the page title--------------------
07:21:18.724 [main] INFO  - -------------------user clicks on menu--------------------
07:21:18.780 [main] INFO  - Able to find the presence of elemnt
07:21:19.957 [main] INFO  - -------------------user click on page--------------------
07:21:19.984 [main] INFO  - Able to find the presence of elemnt
07:21:21.670 [main] INFO  - -------------------verifying the page title--------------------
07:21:21.687 [main] INFO  - -------------------insert email------------------
07:21:24.080 [main] INFO  - -------------------search button clicked------------------
07:21:26.189 [main] INFO  - -------------------Verify email------------------
07:21:26.322 [main] INFO  - -----------------------------------test completed----------------------------------------------
07:27:58.561 [main] INFO  - ___________________ Test starting__________________________
07:27:58.564 [main] INFO  - ___________________ Before Hook__________________________
07:27:58.585 [main] INFO  - -----------------------------------test completed----------------------------------------------
07:31:44.182 [main] INFO  - ___________________ Test starting__________________________
07:31:44.188 [main] INFO  - ___________________ Before Hook__________________________
07:31:44.204 [main] INFO  - -----------------------------------test completed----------------------------------------------
07:44:23.575 [main] INFO  - ___________________ Test starting__________________________
07:44:23.580 [main] INFO  - ___________________ Before Hook__________________________
07:44:27.824 [main] INFO  - -----------------------------------test completed----------------------------------------------
07:45:08.050 [main] INFO  - ___________________ Test starting__________________________
07:45:08.059 [main] INFO  - ___________________ Before Hook__________________________
07:45:11.554 [main] INFO  - -----------------------------------test completed----------------------------------------------
07:45:44.874 [main] INFO  - ___________________ Test starting__________________________
07:45:44.882 [main] INFO  - ___________________ Before Hook__________________________
07:45:48.558 [main] INFO  - Able to find the visibility of elemnt
07:45:52.000 [main] INFO  - Able to find the visibility of elemnt
07:45:56.566 [main] INFO  - -----------------------------------test completed----------------------------------------------
07:46:17.062 [main] INFO  - ___________________ Test starting__________________________
07:46:17.066 [main] INFO  - ___________________ Before Hook__________________________
07:46:20.440 [main] INFO  - Able to find the visibility of elemnt
07:46:23.890 [main] INFO  - Able to find the visibility of elemnt
07:46:30.480 [main] INFO  - -----------------------------------test completed----------------------------------------------
07:48:20.130 [main] INFO  - ___________________ Test starting__________________________
07:48:20.135 [main] INFO  - ___________________ Before Hook__________________________
07:48:23.698 [main] INFO  - Able to find the visibility of elemnt
07:48:27.059 [main] INFO  - Able to find the visibility of elemnt
07:48:33.978 [main] INFO  - -----------------------------------test completed----------------------------------------------
07:52:01.905 [main] INFO  - ___________________ Test starting__________________________
07:52:01.912 [main] INFO  - ___________________ Before Hook__________________________
07:52:05.082 [main] INFO  - Able to find the visibility of elemnt
07:52:08.430 [main] INFO  - Able to find the visibility of elemnt
07:52:15.067 [main] INFO  - -------------------user clicks on menu--------------------
07:52:15.092 [main] INFO  - Able to find the presence of elemnt
07:52:16.285 [main] INFO  - -------------------user click on page--------------------
07:52:16.309 [main] INFO  - Able to find the presence of elemnt
07:52:17.955 [main] INFO  - -------------------verifying the page title--------------------
07:52:17.968 [main] INFO  - -----------------------------------test completed----------------------------------------------
07:52:17.993 [main] INFO  - ___________________ Test starting__________________________
07:52:17.993 [main] INFO  - ___________________ Before Hook__________________________
07:52:20.307 [main] INFO  - Able to find the visibility of elemnt
07:52:23.736 [main] INFO  - Able to find the visibility of elemnt
07:52:30.329 [main] INFO  - -----------------------------------test completed----------------------------------------------
07:53:37.881 [main] INFO  - ___________________ Test starting__________________________
07:53:37.885 [main] INFO  - ___________________ Before Hook__________________________
07:53:41.125 [main] INFO  - Able to find the visibility of elemnt
07:53:44.415 [main] INFO  - Able to find the visibility of elemnt
07:53:50.979 [main] INFO  - -------------------user clicks on menu--------------------
07:53:51.012 [main] INFO  - Able to find the presence of elemnt
07:53:52.194 [main] INFO  - -------------------user click on page--------------------
07:53:52.223 [main] INFO  - Able to find the presence of elemnt
07:53:53.943 [main] INFO  - -------------------verifying the page title--------------------
07:53:53.955 [main] INFO  - -----------------------------------test completed----------------------------------------------
07:53:53.980 [main] INFO  - ___________________ Test starting__________________________
07:53:53.981 [main] INFO  - ___________________ Before Hook__________________________
07:53:56.352 [main] INFO  - Able to find the visibility of elemnt
07:53:59.852 [main] INFO  - Able to find the visibility of elemnt
07:54:06.710 [main] INFO  - -----------------------------------test completed----------------------------------------------
08:02:43.532 [main] INFO  - ___________________ Test starting__________________________
08:02:43.534 [main] INFO  - ___________________ Before Hook__________________________
08:02:46.820 [main] INFO  - Able to find the visibility of elemnt
08:02:50.140 [main] INFO  - Able to find the visibility of elemnt
08:02:56.820 [main] INFO  - -------------------user clicks on menu--------------------
08:02:56.854 [main] INFO  - Able to find the presence of elemnt
08:02:58.005 [main] INFO  - -------------------user click on page--------------------
08:02:58.028 [main] INFO  - Able to find the presence of elemnt
08:02:59.717 [main] INFO  - -------------------verifying the page title--------------------
08:02:59.731 [main] INFO  - -----------------------------------test completed----------------------------------------------
08:02:59.756 [main] INFO  - ___________________ Test starting__________________________
08:02:59.757 [main] INFO  - ___________________ Before Hook__________________________
08:03:02.019 [main] INFO  - Able to find the visibility of elemnt
08:03:05.414 [main] INFO  - Able to find the visibility of elemnt
08:03:12.000 [main] INFO  - -----------------------------------test completed----------------------------------------------
08:03:12.010 [main] INFO  - ___________________ Test starting__________________________
08:03:12.012 [main] INFO  - ___________________ Before Hook__________________________
08:03:14.640 [main] INFO  - Able to find the visibility of elemnt
08:03:18.043 [main] INFO  - Able to find the visibility of elemnt
08:03:23.249 [main] INFO  - -------------------verifying the page title--------------------
08:03:24.817 [main] INFO  - -------------------user clicks on menu--------------------
08:03:24.842 [main] INFO  - Able to find the presence of elemnt
08:03:26.023 [main] INFO  - -------------------user click on page--------------------
08:03:26.043 [main] INFO  - Able to find the presence of elemnt
08:03:27.847 [main] INFO  - -------------------verifying the page title--------------------
08:03:27.869 [main] INFO  - -------------------insert email------------------
08:03:30.234 [main] INFO  - -------------------search button clicked------------------
08:03:32.378 [main] INFO  - -------------------Verify email------------------
08:03:32.519 [main] INFO  - -----------------------------------test completed----------------------------------------------
08:05:19.622 [main] INFO  - ___________________ Test starting__________________________
08:05:19.629 [main] INFO  - ___________________ Before Hook__________________________
08:05:22.926 [main] INFO  - Able to find the visibility of elemnt
08:05:26.334 [main] INFO  - Able to find the visibility of elemnt
08:05:32.996 [main] INFO  - -------------------user clicks on menu--------------------
08:05:33.020 [main] INFO  - Able to find the presence of elemnt
08:05:34.197 [main] INFO  - -------------------user click on page--------------------
08:05:34.219 [main] INFO  - Able to find the presence of elemnt
08:05:35.945 [main] INFO  - -------------------verifying the page title--------------------
08:05:35.957 [main] INFO  - -----------------------------------test completed----------------------------------------------
08:05:35.978 [main] INFO  - ___________________ Test starting__________________________
08:05:35.979 [main] INFO  - ___________________ Before Hook__________________________
08:05:38.293 [main] INFO  - Able to find the visibility of elemnt
08:05:41.794 [main] INFO  - Able to find the visibility of elemnt
08:05:48.261 [main] INFO  - -----------------------------------test completed----------------------------------------------
08:05:48.277 [main] INFO  - ___________________ Test starting__________________________
08:05:48.278 [main] INFO  - ___________________ Before Hook__________________________
08:05:50.930 [main] INFO  - Able to find the visibility of elemnt
08:05:54.326 [main] INFO  - Able to find the visibility of elemnt
08:05:59.378 [main] INFO  - -------------------verifying the page title--------------------
08:06:00.844 [main] INFO  - -------------------user clicks on menu--------------------
08:06:00.866 [main] INFO  - Able to find the presence of elemnt
08:06:02.049 [main] INFO  - -------------------user click on page--------------------
08:06:02.076 [main] INFO  - Able to find the presence of elemnt
08:06:03.805 [main] INFO  - -------------------verifying the page title--------------------
08:06:03.821 [main] INFO  - -------------------insert email------------------
08:06:06.195 [main] INFO  - -------------------search button clicked------------------
08:06:08.335 [main] INFO  - -------------------Verify email------------------
08:06:08.479 [main] INFO  - -----------------------------------test completed----------------------------------------------
08:09:08.314 [main] INFO  - ___________________ Test starting__________________________
08:09:08.320 [main] INFO  - ___________________ Before Hook__________________________
08:09:13.096 [main] INFO  - Able to find the visibility of elemnt
08:09:16.528 [main] INFO  - Able to find the visibility of elemnt
08:09:23.288 [main] INFO  - -------------------user clicks on menu--------------------
08:09:23.315 [main] INFO  - Able to find the presence of elemnt
08:09:24.429 [main] INFO  - -------------------user click on page--------------------
08:09:24.452 [main] INFO  - Able to find the presence of elemnt
08:09:26.175 [main] INFO  - -------------------verifying the page title--------------------
08:09:26.190 [main] INFO  - -----------------------------------test completed----------------------------------------------
08:09:26.213 [main] INFO  - ___________________ Test starting__________________________
08:09:26.214 [main] INFO  - ___________________ Before Hook__________________________
08:09:28.962 [main] INFO  - Able to find the visibility of elemnt
08:09:32.500 [main] INFO  - Able to find the visibility of elemnt
08:09:39.064 [main] INFO  - -----------------------------------test completed----------------------------------------------
08:09:39.087 [main] INFO  - ___________________ Test starting__________________________
08:09:39.088 [main] INFO  - ___________________ Before Hook__________________________
08:09:41.889 [main] INFO  - Able to find the visibility of elemnt
08:09:45.387 [main] INFO  - Able to find the visibility of elemnt
08:09:50.435 [main] INFO  - -------------------verifying the page title--------------------
08:09:51.885 [main] INFO  - -------------------user clicks on menu--------------------
08:09:51.910 [main] INFO  - Able to find the presence of elemnt
08:09:53.030 [main] INFO  - -------------------user click on page--------------------
08:09:53.053 [main] INFO  - Able to find the presence of elemnt
08:09:54.847 [main] INFO  - -------------------verifying the page title--------------------
08:09:54.860 [main] INFO  - -------------------insert email------------------
08:09:57.292 [main] INFO  - -------------------search button clicked------------------
08:09:59.384 [main] INFO  - -------------------Verify email------------------
08:09:59.507 [main] INFO  - -----------------------------------test completed----------------------------------------------
08:13:07.783 [main] INFO  - ___________________ Test starting__________________________
08:13:07.788 [main] INFO  - ___________________ Before Hook__________________________
08:13:11.612 [main] INFO  - Able to find the visibility of elemnt
08:13:15.125 [main] INFO  - Able to find the visibility of elemnt
08:13:21.815 [main] INFO  - -------------------user clicks on menu--------------------
08:13:21.850 [main] INFO  - Able to find the presence of elemnt
08:13:23.016 [main] INFO  - -------------------user click on page--------------------
08:13:23.049 [main] INFO  - Able to find the presence of elemnt
08:13:25.108 [main] INFO  - -------------------verifying the page title--------------------
08:13:25.124 [main] INFO  - -----------------------------------test completed----------------------------------------------
08:13:25.146 [main] INFO  - ___________________ Test starting__________________________
08:13:25.146 [main] INFO  - ___________________ Before Hook__________________________
08:13:28.001 [main] INFO  - Able to find the visibility of elemnt
08:13:31.334 [main] INFO  - Able to find the visibility of elemnt
08:13:36.547 [main] INFO  - -------------------verifying the page title--------------------
08:13:37.988 [main] INFO  - -------------------user clicks on menu--------------------
08:13:38.005 [main] INFO  - Able to find the presence of elemnt
08:13:39.120 [main] INFO  - -------------------user click on page--------------------
08:13:39.146 [main] INFO  - Able to find the presence of elemnt
08:13:40.950 [main] INFO  - -------------------verifying the page title--------------------
08:13:40.967 [main] INFO  - -------------------insert email------------------
08:13:43.224 [main] INFO  - -------------------search button clicked------------------
08:13:45.329 [main] INFO  - -------------------Verify email------------------
08:13:45.456 [main] INFO  - -----------------------------------test completed----------------------------------------------
08:29:14.600 [main] INFO  - ___________________ Test starting__________________________
08:29:14.606 [main] INFO  - ___________________ Before Hook__________________________
08:29:19.032 [main] INFO  - Able to find the visibility of elemnt
08:29:22.434 [main] INFO  - Able to find the visibility of elemnt
08:29:29.243 [main] INFO  - -------------------user clicks on menu--------------------
08:29:29.278 [main] INFO  - Able to find the presence of elemnt
08:29:30.406 [main] INFO  - -------------------user click on page--------------------
08:29:30.432 [main] INFO  - Able to find the presence of elemnt
08:29:32.162 [main] INFO  - -------------------verifying the page title--------------------
08:29:32.183 [main] INFO  - -----------------------------------test completed----------------------------------------------
08:29:32.217 [main] INFO  - ___________________ Test starting__________________________
08:29:32.219 [main] INFO  - ___________________ Before Hook__________________________
08:29:34.870 [main] INFO  - Able to find the visibility of elemnt
08:29:35.176 [main] INFO  - -----------------------------------test completed----------------------------------------------
08:39:28.396 [main] INFO  - ___________________ Test starting__________________________
08:39:28.399 [main] INFO  - ___________________ Before Hook__________________________
08:39:32.643 [main] INFO  - Able to find the visibility of elemnt
08:39:36.043 [main] INFO  - Able to find the visibility of elemnt
08:39:42.936 [main] INFO  - -------------------user clicks on menu--------------------
08:39:43.008 [main] INFO  - Able to find the presence of elemnt
08:39:44.163 [main] INFO  - -------------------user click on page--------------------
08:39:44.191 [main] INFO  - Able to find the presence of elemnt
08:39:45.957 [main] INFO  - -------------------verifying the page title--------------------
08:39:45.966 [main] INFO  - -----------------------------------test completed----------------------------------------------
08:39:45.982 [main] INFO  - ___________________ Test starting__________________________
08:39:45.983 [main] INFO  - ___________________ Before Hook__________________________
08:39:48.680 [main] INFO  - Able to find the visibility of elemnt
08:39:51.990 [main] INFO  - Able to find the visibility of elemnt
08:39:56.302 [main] INFO  - -------------------verifying the page title--------------------
08:39:57.753 [main] INFO  - -------------------user clicks on menu--------------------
08:39:57.779 [main] INFO  - Able to find the presence of elemnt
08:39:58.891 [main] INFO  - -------------------user click on page--------------------
08:39:58.915 [main] INFO  - Able to find the presence of elemnt
08:40:00.619 [main] INFO  - -------------------verifying the page title--------------------
08:40:00.635 [main] INFO  - -------------------insert email------------------
08:40:02.947 [main] INFO  - -------------------search button clicked------------------
08:40:05.043 [main] INFO  - -------------------Verify email------------------
08:40:05.168 [main] INFO  - -----------------------------------test completed----------------------------------------------
08:41:52.120 [main] INFO  - **************************  Configuring extent Report ************************
08:41:52.845 [main] INFO  - ___________________ Test starting__________________________
08:41:52.849 [main] INFO  - ___________________ Before Hook__________________________
08:41:57.211 [main] INFO  - Able to find the visibility of elemnt
08:42:00.619 [main] INFO  - Able to find the visibility of elemnt
08:42:07.535 [main] INFO  - -------------------user clicks on menu--------------------
08:42:07.575 [main] INFO  - Able to find the presence of elemnt
08:42:08.787 [main] INFO  - -------------------user click on page--------------------
08:42:08.809 [main] INFO  - Able to find the presence of elemnt
08:42:10.802 [main] INFO  - -------------------verifying the page title--------------------
08:42:10.812 [main] INFO  - -----------------------------------test completed----------------------------------------------
08:42:10.911 [main] INFO  - **************************  Finishing Report ************************
08:44:14.468 [main] INFO  - **************************  Configuring extent Report ************************
08:44:15.341 [main] INFO  - ___________________ Test starting__________________________
08:44:15.344 [main] INFO  - ___________________ Before Hook__________________________
08:44:19.474 [main] INFO  - Able to find the visibility of elemnt
08:44:22.838 [main] INFO  - Able to find the visibility of elemnt
08:44:29.614 [main] INFO  - -------------------user clicks on menu--------------------
08:44:29.673 [main] INFO  - Able to find the presence of elemnt
08:44:30.766 [main] INFO  - -------------------user click on page--------------------
08:44:30.790 [main] INFO  - Able to find the presence of elemnt
08:44:32.576 [main] INFO  - -------------------verifying the page title--------------------
08:44:32.588 [main] INFO  - -----------------------------------test completed----------------------------------------------
08:44:32.736 [main] INFO  - **************************  Finishing Report ************************
